This is pdfTeX, Version 3.141592653-2.6-1.40.22 (TeX Live 2022/dev/Debian) (preloaded format=pdflatex 2024.2.6)  6 FEB 2024 15:13
entering extended mode
 restricted \write18 enabled.
 %&-line parsing enabled.
**separate.tex
(./separate.tex
LaTeX2e <2021-11-15> patch level 1
L3 programming layer <2022-01-21>
(/usr/share/texlive/texmf-dist/tex/latex/base/article.cls
Document Class: article 2021/10/04 v1.4n Standard LaTeX document class
(/usr/share/texlive/texmf-dist/tex/latex/base/size10.clo
File: size10.clo 2021/10/04 v1.4n Standard LaTeX file (size option)
)
\c@part=\count185
\c@section=\count186
\c@subsection=\count187
\c@subsubsection=\count188
\c@paragraph=\count189
\c@subparagraph=\count190
\c@figure=\count191
\c@table=\count192
\abovecaptionskip=\skip47
\belowcaptionskip=\skip48
\bibindent=\dimen138
)
(/usr/share/texmf/tex/latex/AMC/automultiplechoice.sty
AMC version: 2021/11/21 v1.5.2 r:d5fe5a59
Package: automultiplechoice 2021/11/21 v1.5.2 r:d5fe5a59
(/usr/share/texlive/texmf-dist/tex/latex/xcolor/xcolor.sty
Package: xcolor 2021/10/31 v2.13 LaTeX color extensions (UK)

(/usr/share/texlive/texmf-dist/tex/latex/graphics-cfg/color.cfg
File: color.cfg 2016/01/02 v1.6 sample color configuration
)
Package xcolor Info: Driver file: pdftex.def on input line 227.

(/usr/share/texlive/texmf-dist/tex/latex/graphics-def/pdftex.def
File: pdftex.def 2020/10/05 v1.2a Graphics/color driver for pdftex
)
Package xcolor Info: Model `cmy' substituted by `cmy0' on input line 1352.
Package xcolor Info: Model `hsb' substituted by `rgb' on input line 1356.
Package xcolor Info: Model `RGB' extended on input line 1368.
Package xcolor Info: Model `HTML' substituted by `rgb' on input line 1370.
Package xcolor Info: Model `Hsb' substituted by `hsb' on input line 1371.
Package xcolor Info: Model `tHsb' substituted by `hsb' on input line 1372.
Package xcolor Info: Model `HSB' substituted by `hsb' on input line 1373.
Package xcolor Info: Model `Gray' substituted by `gray' on input line 1374.
Package xcolor Info: Model `wave' substituted by `hsb' on input line 1375.
)
(/usr/share/texlive/texmf-dist/tex/latex/fancyhdr/fancyhdr.sty
Package: fancyhdr 2021/01/28 v4.0.1 Extensive control of page headers and foote
rs
\f@nch@headwidth=\skip49
\f@nch@O@elh=\skip50
\f@nch@O@erh=\skip51
\f@nch@O@olh=\skip52
\f@nch@O@orh=\skip53
\f@nch@O@elf=\skip54
\f@nch@O@erf=\skip55
\f@nch@O@olf=\skip56
\f@nch@O@orf=\skip57
)
(/usr/share/texlive/texmf-dist/tex/latex/bophook/bophook.sty
Package: bophook 2001/03/29 v0.02 beginning-of-page hook, K. Tinnefeld
)
(/usr/share/texlive/texmf-dist/tex/latex/xkeyval/xkeyval.sty
Package: xkeyval 2020/11/20 v2.8 package option processing (HA)

(/usr/share/texlive/texmf-dist/tex/generic/xkeyval/xkeyval.tex
(/usr/share/texlive/texmf-dist/tex/generic/xkeyval/xkvutils.tex
\XKV@toks=\toks16
\XKV@tempa@toks=\toks17

(/usr/share/texlive/texmf-dist/tex/generic/xkeyval/keyval.tex))
\XKV@depth=\count193
File: xkeyval.tex 2014/12/03 v2.7a key=value parser (HA)
))
(/usr/share/texlive/texmf-dist/tex/latex/graphics/rotating.sty
Package: rotating 2016/08/11 v2.16d rotated objects in LaTeX

(/usr/share/texlive/texmf-dist/tex/latex/graphics/graphicx.sty
Package: graphicx 2021/09/16 v1.2d Enhanced LaTeX Graphics (DPC,SPQR)

(/usr/share/texlive/texmf-dist/tex/latex/graphics/graphics.sty
Package: graphics 2021/03/04 v1.4d Standard LaTeX Graphics (DPC,SPQR)

(/usr/share/texlive/texmf-dist/tex/latex/graphics/trig.sty
Package: trig 2021/08/11 v1.11 sin cos tan (DPC)
)
(/usr/share/texlive/texmf-dist/tex/latex/graphics-cfg/graphics.cfg
File: graphics.cfg 2016/06/04 v1.11 sample graphics configuration
)
Package graphics Info: Driver file: pdftex.def on input line 107.
)
\Gin@req@height=\dimen139
\Gin@req@width=\dimen140
)
(/usr/share/texlive/texmf-dist/tex/latex/base/ifthen.sty
Package: ifthen 2020/11/24 v1.1c Standard LaTeX ifthen package (DPC)
)
\c@r@tfl@t=\count194
\rotFPtop=\skip58
\rotFPbot=\skip59
\rot@float@box=\box50
\rot@mess@toks=\toks18
)
(/usr/share/texlive/texmf-dist/tex/latex/fancybox/fancybox.sty
Package: fancybox 2010/05/15 1.4

Style option: `fancybox' v1.4 <2010/05/15> (tvz)
\@fancybox=\box51
\shadowsize=\dimen141
\@Sbox=\box52
\do@VerbBox=\toks19
\the@fancyput=\toks20
\this@fancyput=\toks21
\EndVerbatimTokens=\toks22
\Verbatim@Outfile=\write3
\Verbatim@Infile=\read2
) (/usr/share/texlive/texmf-dist/tex/latex/l3kernel/expl3.sty
Package: expl3 2022-01-21 L3 programming layer (loader) 

(/usr/share/texlive/texmf-dist/tex/latex/l3backend/l3backend-pdftex.def
File: l3backend-pdftex.def 2022-01-12 L3 backend support: PDF output (pdfTeX)
\l__color_backend_stack_int=\count195
\l__pdf_internal_box=\box53
))
(/usr/share/texlive/texmf-dist/tex/latex/csvsimple/csvsimple.sty
(/usr/share/texlive/texmf-dist/tex/latex/l3packages/l3keys2e/l3keys2e.sty
Package: l3keys2e 2022-01-12 LaTeX2e option processing using LaTeX3 keys
)
Package: csvsimple 2022/02/01 v2.3.0 LaTeX CSV file processing
)
(/usr/share/texlive/texmf-dist/tex/latex/csvsimple/csvsimple-legacy.sty
Package: csvsimple-legacy 2022/02/01 version 2.3.0 LaTeX2e CSV file processing

(/usr/share/texlive/texmf-dist/tex/latex/pgf/utilities/pgfrcs.sty
(/usr/share/texlive/texmf-dist/tex/generic/pgf/utilities/pgfutil-common.tex
\pgfutil@everybye=\toks23
\pgfutil@tempdima=\dimen142
\pgfutil@tempdimb=\dimen143

(/usr/share/texlive/texmf-dist/tex/generic/pgf/utilities/pgfutil-common-lists.t
ex)) (/usr/share/texlive/texmf-dist/tex/generic/pgf/utilities/pgfutil-latex.def
\pgfutil@abb=\box54
) (/usr/share/texlive/texmf-dist/tex/generic/pgf/utilities/pgfrcs.code.tex
(/usr/share/texlive/texmf-dist/tex/generic/pgf/pgf.revision.tex)
Package: pgfrcs 2021/05/15 v3.1.9a (3.1.9a)
))
(/usr/share/texlive/texmf-dist/tex/latex/pgf/utilities/pgfkeys.sty
(/usr/share/texlive/texmf-dist/tex/generic/pgf/utilities/pgfkeys.code.tex
\pgfkeys@pathtoks=\toks24
\pgfkeys@temptoks=\toks25

(/usr/share/texlive/texmf-dist/tex/generic/pgf/utilities/pgfkeysfiltered.code.t
ex
\pgfkeys@tmptoks=\toks26
))) (/usr/share/texlive/texmf-dist/tex/latex/etoolbox/etoolbox.sty
Package: etoolbox 2020/10/05 v2.5k e-TeX tools for LaTeX (JAW)
\etb@tempcnta=\count196
)
(/usr/share/texlive/texmf-dist/tex/latex/tools/shellesc.sty
Package: shellesc 2019/11/08 v1.0c unified shell escape interface for LaTeX
Package shellesc Info: Restricted shell escape enabled on input line 77.
)
\csv@file=\read3
\c@csvinputline=\count197
\c@csvrow=\count198
\c@csvcol=\count199
\csv@out=\write4
)
(/usr/share/texlive/texmf-dist/tex/latex/environ/environ.sty
Package: environ 2014/05/04 v0.3 A new way to define environments

(/usr/share/texlive/texmf-dist/tex/latex/trimspaces/trimspaces.sty
Package: trimspaces 2009/09/17 v1.1 Trim spaces around a token list
)
\@envbody=\toks27
)
Loading configuration file...
(./amc-compiled-config.tex)
\AMC@logfile=\write5
\openout5 = `amc-compiled.amc'.

\AMCload@counter=\count266
\AMCid@quest=\count267
\AMCid@check=\count268
\AMCid@etud=\count269
\AMCid@etudstart=\count270
\AMCid@etudfin=\count271
\AMCnum@copies=\count272
\AMCformVSpace=\dimen144
\AMCformHSpace=\dimen145
\AMCinterIrep=\dimen146
\AMCinterBrep=\dimen147
\AMCinterIquest=\dimen148
\AMCinterBquest=\dimen149
\AMCpostOquest=\dimen150
\AMCids@width=\dimen151
\AMCids@height=\dimen152
\AMC@SR=\count273
\AMC@SR@count=\count274
\AMC@SRnum=\count275
\AMC@sti=\count276
\AMC@stil=\count277
\AMCsw@p@=\toks28
\AMC@numerotation=\count278
\AMC@XYspecial=\write6
\AMC@tmpXY=\write7
\AMC@smashbox=\box55
\AMC@smashboxheight=\dimen153
\c@AMC@ncase=\count279
\AMC@boxedrule=\skip60
\AMC@crossrule=\skip61
\AMC@boxeddown=\skip62
\AMC@boxedwidth=\skip63
\AMC@boxedheight=\skip64
\AMC@oval@radius=\skip65
\AMC@outside@sep=\skip66
\AMC@CBtaille=\skip67
\AMCbin@sequence=\toks29
\AMCbin@number=\count280
\AMCbin@digit=\count281
\AMCbin@id=\count282
\AMCbin@did=\count283
\AMCbin@ndigits=\count284
\AMCbin@hsep=\dimen154
\AMCtok@k=\count285
\AMCtok@max=\count286
\AMCtok@size=\count287
\AMC@imax=\count288
\AMCtok@ik=\count289
\AMCloop@k=\count290
\AMCrep@count=\count291
\reponse@cxcix=\toks30
\reponse@cxcviii=\toks31
\reponse@cxcvii=\toks32
\reponse@cxcvi=\toks33
\reponse@cxcv=\toks34
\reponse@cxciv=\toks35
\reponse@cxciii=\toks36
\reponse@cxcii=\toks37
\reponse@cxci=\toks38
\reponse@cxc=\toks39
\reponse@clxxxix=\toks40
\reponse@clxxxviii=\toks41
\reponse@clxxxvii=\toks42
\reponse@clxxxvi=\toks43
\reponse@clxxxv=\toks44
\reponse@clxxxiv=\toks45
\reponse@clxxxiii=\toks46
\reponse@clxxxii=\toks47
\reponse@clxxxi=\toks48
\reponse@clxxx=\toks49
\reponse@clxxix=\toks50
\reponse@clxxviii=\toks51
\reponse@clxxvii=\toks52
\reponse@clxxvi=\toks53
\reponse@clxxv=\toks54
\reponse@clxxiv=\toks55
\reponse@clxxiii=\toks56
\reponse@clxxii=\toks57
\reponse@clxxi=\toks58
\reponse@clxx=\toks59
\reponse@clxix=\toks60
\reponse@clxviii=\toks61
\reponse@clxvii=\toks62
\reponse@clxvi=\toks63
\reponse@clxv=\toks64
\reponse@clxiv=\toks65
\reponse@clxiii=\toks66
\reponse@clxii=\toks67
\reponse@clxi=\toks68
\reponse@clx=\toks69
\reponse@clix=\toks70
\reponse@clviii=\toks71
\reponse@clvii=\toks72
\reponse@clvi=\toks73
\reponse@clv=\toks74
\reponse@cliv=\toks75
\reponse@cliii=\toks76
\reponse@clii=\toks77
\reponse@cli=\toks78
\reponse@cl=\toks79
\reponse@cxlix=\toks80
\reponse@cxlviii=\toks81
\reponse@cxlvii=\toks82
\reponse@cxlvi=\toks83
\reponse@cxlv=\toks84
\reponse@cxliv=\toks85
\reponse@cxliii=\toks86
\reponse@cxlii=\toks87
\reponse@cxli=\toks88
\reponse@cxl=\toks89
\reponse@cxxxix=\toks90
\reponse@cxxxviii=\toks91
\reponse@cxxxvii=\toks92
\reponse@cxxxvi=\toks93
\reponse@cxxxv=\toks94
\reponse@cxxxiv=\toks95
\reponse@cxxxiii=\toks96
\reponse@cxxxii=\toks97
\reponse@cxxxi=\toks98
\reponse@cxxx=\toks99
\reponse@cxxix=\toks100
\reponse@cxxviii=\toks101
\reponse@cxxvii=\toks102
\reponse@cxxvi=\toks103
\reponse@cxxv=\toks104
\reponse@cxxiv=\toks105
\reponse@cxxiii=\toks106
\reponse@cxxii=\toks107
\reponse@cxxi=\toks108
\reponse@cxx=\toks109
\reponse@cxix=\toks110
\reponse@cxviii=\toks111
\reponse@cxvii=\toks112
\reponse@cxvi=\toks113
\reponse@cxv=\toks114
\reponse@cxiv=\toks115
\reponse@cxiii=\toks116
\reponse@cxii=\toks117
\reponse@cxi=\toks118
\reponse@cx=\toks119
\reponse@cix=\toks120
\reponse@cviii=\toks121
\reponse@cvii=\toks122
\reponse@cvi=\toks123
\reponse@cv=\toks124
\reponse@civ=\toks125
\reponse@ciii=\toks126
\reponse@cii=\toks127
\reponse@ci=\toks128
\reponse@c=\toks129
\reponse@xcix=\toks130
\reponse@xcviii=\toks131
\reponse@xcvii=\toks132
\reponse@xcvi=\toks133
\reponse@xcv=\toks134
\reponse@xciv=\toks135
\reponse@xciii=\toks136
\reponse@xcii=\toks137
\reponse@xci=\toks138
\reponse@xc=\toks139
\reponse@lxxxix=\toks140
\reponse@lxxxviii=\toks141
\reponse@lxxxvii=\toks142
\reponse@lxxxvi=\toks143
\reponse@lxxxv=\toks144
\reponse@lxxxiv=\toks145
\reponse@lxxxiii=\toks146
\reponse@lxxxii=\toks147
\reponse@lxxxi=\toks148
\reponse@lxxx=\toks149
\reponse@lxxix=\toks150
\reponse@lxxviii=\toks151
\reponse@lxxvii=\toks152
\reponse@lxxvi=\toks153
\reponse@lxxv=\toks154
\reponse@lxxiv=\toks155
\reponse@lxxiii=\toks156
\reponse@lxxii=\toks157
\reponse@lxxi=\toks158
\reponse@lxx=\toks159
\reponse@lxix=\toks160
\reponse@lxviii=\toks161
\reponse@lxvii=\toks162
\reponse@lxvi=\toks163
\reponse@lxv=\toks164
\reponse@lxiv=\toks165
\reponse@lxiii=\toks166
\reponse@lxii=\toks167
\reponse@lxi=\toks168
\reponse@lx=\toks169
\reponse@lix=\toks170
\reponse@lviii=\toks171
\reponse@lvii=\toks172
\reponse@lvi=\toks173
\reponse@lv=\toks174
\reponse@liv=\toks175
\reponse@liii=\toks176
\reponse@lii=\toks177
\reponse@li=\toks178
\reponse@l=\toks179
\reponse@xlix=\toks180
\reponse@xlviii=\toks181
\reponse@xlvii=\toks182
\reponse@xlvi=\toks183
\reponse@xlv=\toks184
\reponse@xliv=\toks185
\reponse@xliii=\toks186
\reponse@xlii=\toks187
\reponse@xli=\toks188
\reponse@xl=\toks189
\reponse@xxxix=\toks190
\reponse@xxxviii=\toks191
\reponse@xxxvii=\toks192
\reponse@xxxvi=\toks193
\reponse@xxxv=\toks194
\reponse@xxxiv=\toks195
\reponse@xxxiii=\toks196
\reponse@xxxii=\toks197
\reponse@xxxi=\toks198
\reponse@xxx=\toks199
\reponse@xxix=\toks200
\reponse@xxviii=\toks201
\reponse@xxvii=\toks202
\reponse@xxvi=\toks203
\reponse@xxv=\toks204
\reponse@xxiv=\toks205
\reponse@xxiii=\toks206
\reponse@xxii=\toks207
\reponse@xxi=\toks208
\reponse@xx=\toks209
\reponse@xix=\toks210
\reponse@xviii=\toks211
\reponse@xvii=\toks212
\reponse@xvi=\toks213
\reponse@xv=\toks214
\reponse@xiv=\toks215
\reponse@xiii=\toks216
\reponse@xii=\toks217
\reponse@xi=\toks218
\reponse@x=\toks219
\reponse@ix=\toks220
\reponse@viii=\toks221
\reponse@vii=\toks222
\reponse@vi=\toks223
\reponse@v=\toks224
\reponse@iv=\toks225
\reponse@iii=\toks226
\reponse@ii=\toks227
\reponse@i=\toks228
\AMCnum@questions=\count292
\AMCrep@@count=\count293
\amc_memory_elts_count=\count294
\AMChorizAnswerSep=\skip68
\AMChorizBoxSep=\skip69
\AMC@mn@test=\skip70
\AMC@mn@sep=\skip71
\AMC@mn@leftmargin=\skip72
\AMC@mn@rightmargin=\skip73
\AMC@sz@width=\skip74
\AMC@sz@height=\skip75
\AMC@sz@depth=\skip76
\AMC@sza@width=\skip77
\AMC@sza@height=\skip78
\AMC@sza@depth=\skip79
\c@AMCquestionaff=\count295
\ouverte@vs=\dimen155
\AMC@chiffres=\count296
\AMCcodeHspace=\dimen156
\AMCcodeVspace=\dimen157
\amc_code_digit_n_int=\count297
\amc_num_exponent_int=\count298
\amc_todigits_int=\count299
\AMCnumeric@Hspace=\dimen158
\AMCnumeric@Vspace=\dimen159
\amc_num_ndigits_int=\count300
\amc_num_decd_int=\count301
\amc_num_expo_int=\count302
\amc_num_base_int=\count303
\amc_num_exact_int=\count304
\amc_num_approx_int=\count305
\amc_num_digit_value_int=\count306
\amc_num_first_digit_int=\count307
\amc_num_digit_int=\count308
\amc_num_sign_int=\count309
\amc_num_expo_sign_int=\count310
\amc_num_correct_expo_int=\count311
\AMCopen@Hspace=\dimen160
\AMCopen@LineHeight=\dimen161
\AMCopen@Lines=\count312
\AMCopen@boxmargin=\dimen162
\AMCopen@boxframerule=\dimen163
\AMCopen@framerule=\dimen164
\AMC@addpages=\count313

(/usr/share/texlive/texmf-dist/tex/latex/etex-pkg/etex.sty
Package: etex 2016/08/01 v2.7 eTeX basic definition package (PEB,DPC)


Package etex Warning: Extended allocation already in use.
(etex)                etex.sty code will not be used.
(etex)                To force etex package to load, add
(etex)                \RequirePackage{etex}
(etex)                at the start of the document.

) ***CORRIGE***
(/usr/share/texlive/texmf-dist/tex/latex/geometry/geometry.sty
Package: geometry 2020/01/02 v5.9 Page Geometry

(/usr/share/texlive/texmf-dist/tex/generic/iftex/ifvtex.sty
Package: ifvtex 2019/10/25 v1.7 ifvtex legacy package. Use iftex instead.

(/usr/share/texlive/texmf-dist/tex/generic/iftex/iftex.sty
Package: iftex 2020/03/06 v1.0d TeX engine tests
))
\Gm@cnth=\count314
\Gm@cntv=\count315
\c@Gm@tempcnt=\count316
\Gm@bindingoffset=\dimen165
\Gm@wd@mp=\dimen166
\Gm@odd@mp=\dimen167
\Gm@even@mp=\dimen168
\Gm@layoutwidth=\dimen169
\Gm@layoutheight=\dimen170
\Gm@layouthoffset=\dimen171
\Gm@layoutvoffset=\dimen172
\Gm@dimlist=\toks229
))
(./include/boilerPlate.tex
(/usr/share/texlive/texmf-dist/tex/latex/tools/multicol.sty
Package: multicol 2021/10/28 v1.9b multicolumn formatting (FMi)
\c@tracingmulticols=\count317
\mult@box=\box56
\multicol@leftmargin=\dimen173
\c@unbalance=\count318
\c@collectmore=\count319
\doublecol@number=\count320
\multicoltolerance=\count321
\multicolpretolerance=\count322
\full@width=\dimen174
\page@free=\dimen175
\premulticols=\dimen176
\postmulticols=\dimen177
\multicolsep=\skip80
\multicolbaselineskip=\skip81
\partial@page=\box57
\last@line=\box58
\maxbalancingoverflow=\dimen178
\mult@rightbox=\box59
\mult@grightbox=\box60
\mult@firstbox=\box61
\mult@gfirstbox=\box62
\@tempa=\box63
\@tempa=\box64
\@tempa=\box65
\@tempa=\box66
\@tempa=\box67
\@tempa=\box68
\@tempa=\box69
\@tempa=\box70
\@tempa=\box71
\@tempa=\box72
\@tempa=\box73
\@tempa=\box74
\@tempa=\box75
\@tempa=\box76
\@tempa=\box77
\@tempa=\box78
\@tempa=\box79
\@tempa=\box80
\@tempa=\box81
\@tempa=\box82
\@tempa=\box83
\@tempa=\box84
\@tempa=\box85
\@tempa=\box86
\@tempa=\box87
\@tempa=\box88
\@tempa=\box89
\@tempa=\box90
\@tempa=\box91
\@tempa=\box92
\@tempa=\box93
\@tempa=\box94
\@tempa=\box95
\@tempa=\box96
\@tempa=\box97
\@tempa=\box98
\c@minrows=\count323
\c@columnbadness=\count324
\c@finalcolumnbadness=\count325
\last@try=\dimen179
\multicolovershoot=\dimen180
\multicolundershoot=\dimen181
\mult@nat@firstbox=\box99
\colbreak@box=\box100
\mc@col@check@num=\count326
)
(/usr/share/texlive/texmf-dist/tex/latex/pgf/frontendlayer/tikz.sty
(/usr/share/texlive/texmf-dist/tex/latex/pgf/basiclayer/pgf.sty
Package: pgf 2021/05/15 v3.1.9a (3.1.9a)

(/usr/share/texlive/texmf-dist/tex/latex/pgf/basiclayer/pgfcore.sty
(/usr/share/texlive/texmf-dist/tex/latex/pgf/systemlayer/pgfsys.sty
(/usr/share/texlive/texmf-dist/tex/generic/pgf/systemlayer/pgfsys.code.tex
Package: pgfsys 2021/05/15 v3.1.9a (3.1.9a)

(/usr/share/texlive/texmf-dist/tex/generic/pgf/utilities/pgfkeys.code.tex)
\pgf@x=\dimen182
\pgf@y=\dimen183
\pgf@xa=\dimen184
\pgf@ya=\dimen185
\pgf@xb=\dimen186
\pgf@yb=\dimen187
\pgf@xc=\dimen188
\pgf@yc=\dimen189
\pgf@xd=\dimen190
\pgf@yd=\dimen191
\w@pgf@writea=\write8
\r@pgf@reada=\read4
\c@pgf@counta=\count327
\c@pgf@countb=\count328
\c@pgf@countc=\count329
\c@pgf@countd=\count330
\t@pgf@toka=\toks230
\t@pgf@tokb=\toks231
\t@pgf@tokc=\toks232
\pgf@sys@id@count=\count331

(/usr/share/texlive/texmf-dist/tex/generic/pgf/systemlayer/pgf.cfg
File: pgf.cfg 2021/05/15 v3.1.9a (3.1.9a)
)
Driver file for pgf: pgfsys-pdftex.def

(/usr/share/texlive/texmf-dist/tex/generic/pgf/systemlayer/pgfsys-pdftex.def
File: pgfsys-pdftex.def 2021/05/15 v3.1.9a (3.1.9a)

(/usr/share/texlive/texmf-dist/tex/generic/pgf/systemlayer/pgfsys-common-pdf.de
f
File: pgfsys-common-pdf.def 2021/05/15 v3.1.9a (3.1.9a)
)))
(/usr/share/texlive/texmf-dist/tex/generic/pgf/systemlayer/pgfsyssoftpath.code.
tex
File: pgfsyssoftpath.code.tex 2021/05/15 v3.1.9a (3.1.9a)
\pgfsyssoftpath@smallbuffer@items=\count332
\pgfsyssoftpath@bigbuffer@items=\count333
)
(/usr/share/texlive/texmf-dist/tex/generic/pgf/systemlayer/pgfsysprotocol.code.
tex
File: pgfsysprotocol.code.tex 2021/05/15 v3.1.9a (3.1.9a)
))
(/usr/share/texlive/texmf-dist/tex/generic/pgf/basiclayer/pgfcore.code.tex
Package: pgfcore 2021/05/15 v3.1.9a (3.1.9a)

(/usr/share/texlive/texmf-dist/tex/generic/pgf/math/pgfmath.code.tex
(/usr/share/texlive/texmf-dist/tex/generic/pgf/math/pgfmathcalc.code.tex
(/usr/share/texlive/texmf-dist/tex/generic/pgf/math/pgfmathutil.code.tex)
(/usr/share/texlive/texmf-dist/tex/generic/pgf/math/pgfmathparser.code.tex
\pgfmath@dimen=\dimen192
\pgfmath@count=\count334
\pgfmath@box=\box101
\pgfmath@toks=\toks233
\pgfmath@stack@operand=\toks234
\pgfmath@stack@operation=\toks235
)
(/usr/share/texlive/texmf-dist/tex/generic/pgf/math/pgfmathfunctions.code.tex
(/usr/share/texlive/texmf-dist/tex/generic/pgf/math/pgfmathfunctions.basic.code
.tex)
(/usr/share/texlive/texmf-dist/tex/generic/pgf/math/pgfmathfunctions.trigonomet
ric.code.tex)
(/usr/share/texlive/texmf-dist/tex/generic/pgf/math/pgfmathfunctions.random.cod
e.tex)
(/usr/share/texlive/texmf-dist/tex/generic/pgf/math/pgfmathfunctions.comparison
.code.tex)
(/usr/share/texlive/texmf-dist/tex/generic/pgf/math/pgfmathfunctions.base.code.
tex)
(/usr/share/texlive/texmf-dist/tex/generic/pgf/math/pgfmathfunctions.round.code
.tex)
(/usr/share/texlive/texmf-dist/tex/generic/pgf/math/pgfmathfunctions.misc.code.
tex)
(/usr/share/texlive/texmf-dist/tex/generic/pgf/math/pgfmathfunctions.integerari
thmetics.code.tex)))
(/usr/share/texlive/texmf-dist/tex/generic/pgf/math/pgfmathfloat.code.tex
\c@pgfmathroundto@lastzeros=\count335
))
(/usr/share/texlive/texmf-dist/tex/generic/pgf/math/pgfint.code.tex)
(/usr/share/texlive/texmf-dist/tex/generic/pgf/basiclayer/pgfcorepoints.code.te
x
File: pgfcorepoints.code.tex 2021/05/15 v3.1.9a (3.1.9a)
\pgf@picminx=\dimen193
\pgf@picmaxx=\dimen194
\pgf@picminy=\dimen195
\pgf@picmaxy=\dimen196
\pgf@pathminx=\dimen197
\pgf@pathmaxx=\dimen198
\pgf@pathminy=\dimen199
\pgf@pathmaxy=\dimen256
\pgf@xx=\dimen257
\pgf@xy=\dimen258
\pgf@yx=\dimen259
\pgf@yy=\dimen260
\pgf@zx=\dimen261
\pgf@zy=\dimen262
)
(/usr/share/texlive/texmf-dist/tex/generic/pgf/basiclayer/pgfcorepathconstruct.
code.tex
File: pgfcorepathconstruct.code.tex 2021/05/15 v3.1.9a (3.1.9a)
\pgf@path@lastx=\dimen263
\pgf@path@lasty=\dimen264
)
(/usr/share/texlive/texmf-dist/tex/generic/pgf/basiclayer/pgfcorepathusage.code
.tex
File: pgfcorepathusage.code.tex 2021/05/15 v3.1.9a (3.1.9a)
\pgf@shorten@end@additional=\dimen265
\pgf@shorten@start@additional=\dimen266
)
(/usr/share/texlive/texmf-dist/tex/generic/pgf/basiclayer/pgfcorescopes.code.te
x
File: pgfcorescopes.code.tex 2021/05/15 v3.1.9a (3.1.9a)
\pgfpic=\box102
\pgf@hbox=\box103
\pgf@layerbox@main=\box104
\pgf@picture@serial@count=\count336
)
(/usr/share/texlive/texmf-dist/tex/generic/pgf/basiclayer/pgfcoregraphicstate.c
ode.tex
File: pgfcoregraphicstate.code.tex 2021/05/15 v3.1.9a (3.1.9a)
\pgflinewidth=\dimen267
)
(/usr/share/texlive/texmf-dist/tex/generic/pgf/basiclayer/pgfcoretransformation
s.code.tex
File: pgfcoretransformations.code.tex 2021/05/15 v3.1.9a (3.1.9a)
\pgf@pt@x=\dimen268
\pgf@pt@y=\dimen269
\pgf@pt@temp=\dimen270
)
(/usr/share/texlive/texmf-dist/tex/generic/pgf/basiclayer/pgfcorequick.code.tex
File: pgfcorequick.code.tex 2021/05/15 v3.1.9a (3.1.9a)
)
(/usr/share/texlive/texmf-dist/tex/generic/pgf/basiclayer/pgfcoreobjects.code.t
ex
File: pgfcoreobjects.code.tex 2021/05/15 v3.1.9a (3.1.9a)
)
(/usr/share/texlive/texmf-dist/tex/generic/pgf/basiclayer/pgfcorepathprocessing
.code.tex
File: pgfcorepathprocessing.code.tex 2021/05/15 v3.1.9a (3.1.9a)
)
(/usr/share/texlive/texmf-dist/tex/generic/pgf/basiclayer/pgfcorearrows.code.te
x
File: pgfcorearrows.code.tex 2021/05/15 v3.1.9a (3.1.9a)
\pgfarrowsep=\dimen271
)
(/usr/share/texlive/texmf-dist/tex/generic/pgf/basiclayer/pgfcoreshade.code.tex
File: pgfcoreshade.code.tex 2021/05/15 v3.1.9a (3.1.9a)
\pgf@max=\dimen272
\pgf@sys@shading@range@num=\count337
\pgf@shadingcount=\count338
)
(/usr/share/texlive/texmf-dist/tex/generic/pgf/basiclayer/pgfcoreimage.code.tex
File: pgfcoreimage.code.tex 2021/05/15 v3.1.9a (3.1.9a)

(/usr/share/texlive/texmf-dist/tex/generic/pgf/basiclayer/pgfcoreexternal.code.
tex
File: pgfcoreexternal.code.tex 2021/05/15 v3.1.9a (3.1.9a)
\pgfexternal@startupbox=\box105
))
(/usr/share/texlive/texmf-dist/tex/generic/pgf/basiclayer/pgfcorelayers.code.te
x
File: pgfcorelayers.code.tex 2021/05/15 v3.1.9a (3.1.9a)
)
(/usr/share/texlive/texmf-dist/tex/generic/pgf/basiclayer/pgfcoretransparency.c
ode.tex
File: pgfcoretransparency.code.tex 2021/05/15 v3.1.9a (3.1.9a)
)
(/usr/share/texlive/texmf-dist/tex/generic/pgf/basiclayer/pgfcorepatterns.code.
tex
File: pgfcorepatterns.code.tex 2021/05/15 v3.1.9a (3.1.9a)
)
(/usr/share/texlive/texmf-dist/tex/generic/pgf/basiclayer/pgfcorerdf.code.tex
File: pgfcorerdf.code.tex 2021/05/15 v3.1.9a (3.1.9a)
)))
(/usr/share/texlive/texmf-dist/tex/generic/pgf/modules/pgfmoduleshapes.code.tex
File: pgfmoduleshapes.code.tex 2021/05/15 v3.1.9a (3.1.9a)
\pgfnodeparttextbox=\box106
) (/usr/share/texlive/texmf-dist/tex/generic/pgf/modules/pgfmoduleplot.code.tex
File: pgfmoduleplot.code.tex 2021/05/15 v3.1.9a (3.1.9a)
)
(/usr/share/texlive/texmf-dist/tex/latex/pgf/compatibility/pgfcomp-version-0-65
.sty
Package: pgfcomp-version-0-65 2021/05/15 v3.1.9a (3.1.9a)
\pgf@nodesepstart=\dimen273
\pgf@nodesepend=\dimen274
)
(/usr/share/texlive/texmf-dist/tex/latex/pgf/compatibility/pgfcomp-version-1-18
.sty
Package: pgfcomp-version-1-18 2021/05/15 v3.1.9a (3.1.9a)
)) (/usr/share/texlive/texmf-dist/tex/latex/pgf/utilities/pgffor.sty
(/usr/share/texlive/texmf-dist/tex/latex/pgf/math/pgfmath.sty
(/usr/share/texlive/texmf-dist/tex/generic/pgf/math/pgfmath.code.tex))
(/usr/share/texlive/texmf-dist/tex/generic/pgf/utilities/pgffor.code.tex
Package: pgffor 2021/05/15 v3.1.9a (3.1.9a)

(/usr/share/texlive/texmf-dist/tex/generic/pgf/math/pgfmath.code.tex)
\pgffor@iter=\dimen275
\pgffor@skip=\dimen276
\pgffor@stack=\toks236
\pgffor@toks=\toks237
))
(/usr/share/texlive/texmf-dist/tex/generic/pgf/frontendlayer/tikz/tikz.code.tex
Package: tikz 2021/05/15 v3.1.9a (3.1.9a)

(/usr/share/texlive/texmf-dist/tex/generic/pgf/libraries/pgflibraryplothandlers
.code.tex
File: pgflibraryplothandlers.code.tex 2021/05/15 v3.1.9a (3.1.9a)
\pgf@plot@mark@count=\count339
\pgfplotmarksize=\dimen277
)
\tikz@lastx=\dimen278
\tikz@lasty=\dimen279
\tikz@lastxsaved=\dimen280
\tikz@lastysaved=\dimen281
\tikz@lastmovetox=\dimen282
\tikz@lastmovetoy=\dimen283
\tikzleveldistance=\dimen284
\tikzsiblingdistance=\dimen285
\tikz@figbox=\box107
\tikz@figbox@bg=\box108
\tikz@tempbox=\box109
\tikz@tempbox@bg=\box110
\tikztreelevel=\count340
\tikznumberofchildren=\count341
\tikznumberofcurrentchild=\count342
\tikz@fig@count=\count343

(/usr/share/texlive/texmf-dist/tex/generic/pgf/modules/pgfmodulematrix.code.tex
File: pgfmodulematrix.code.tex 2021/05/15 v3.1.9a (3.1.9a)
\pgfmatrixcurrentrow=\count344
\pgfmatrixcurrentcolumn=\count345
\pgf@matrix@numberofcolumns=\count346
)
\tikz@expandcount=\count347

(/usr/share/texlive/texmf-dist/tex/generic/pgf/frontendlayer/tikz/libraries/tik
zlibrarytopaths.code.tex
File: tikzlibrarytopaths.code.tex 2021/05/15 v3.1.9a (3.1.9a)
)))
(/usr/share/texlive/texmf-dist/tex/latex/amsfonts/amssymb.sty
Package: amssymb 2013/01/14 v3.01 AMS font symbols

(/usr/share/texlive/texmf-dist/tex/latex/amsfonts/amsfonts.sty
Package: amsfonts 2013/01/14 v3.01 Basic AMSFonts support
\@emptytoks=\toks238
\symAMSa=\mathgroup4
\symAMSb=\mathgroup5
LaTeX Font Info:    Redeclaring math symbol \hbar on input line 98.
LaTeX Font Info:    Overwriting math alphabet `\mathfrak' in version `bold'
(Font)                  U/euf/m/n --> U/euf/b/n on input line 106.
))
(/usr/share/texlive/texmf-dist/tex/latex/amsmath/amsmath.sty
Package: amsmath 2021/10/15 v2.17l AMS math features
\@mathmargin=\skip82

For additional information on amsmath, use the `?' option.
(/usr/share/texlive/texmf-dist/tex/latex/amsmath/amstext.sty
Package: amstext 2021/08/26 v2.01 AMS text

(/usr/share/texlive/texmf-dist/tex/latex/amsmath/amsgen.sty
File: amsgen.sty 1999/11/30 v2.0 generic functions
\@emptytoks=\toks239
\ex@=\dimen286
))
(/usr/share/texlive/texmf-dist/tex/latex/amsmath/amsbsy.sty
Package: amsbsy 1999/11/29 v1.2d Bold Symbols
\pmbraise@=\dimen287
)
(/usr/share/texlive/texmf-dist/tex/latex/amsmath/amsopn.sty
Package: amsopn 2021/08/26 v2.02 operator names
)
\inf@bad=\count348
LaTeX Info: Redefining \frac on input line 234.
\uproot@=\count349
\leftroot@=\count350
LaTeX Info: Redefining \overline on input line 399.
\classnum@=\count351
\DOTSCASE@=\count352
LaTeX Info: Redefining \ldots on input line 496.
LaTeX Info: Redefining \dots on input line 499.
LaTeX Info: Redefining \cdots on input line 620.
\Mathstrutbox@=\box111
\strutbox@=\box112
\big@size=\dimen288
LaTeX Font Info:    Redeclaring font encoding OML on input line 743.
LaTeX Font Info:    Redeclaring font encoding OMS on input line 744.
\macc@depth=\count353
\c@MaxMatrixCols=\count354
\dotsspace@=\muskip16
\c@parentequation=\count355
\dspbrk@lvl=\count356
\tag@help=\toks240
\row@=\count357
\column@=\count358
\maxfields@=\count359
\andhelp@=\toks241
\eqnshift@=\dimen289
\alignsep@=\dimen290
\tagshift@=\dimen291
\tagwidth@=\dimen292
\totwidth@=\dimen293
\lineht@=\dimen294
\@envbody=\toks242
\multlinegap=\skip83
\multlinetaggap=\skip84
\mathdisplay@stack=\toks243
LaTeX Info: Redefining \[ on input line 2938.
LaTeX Info: Redefining \] on input line 2939.
)
(/usr/share/texlive/texmf-dist/tex/generic/pgf/frontendlayer/tikz/libraries/tik
zlibraryarrows.code.tex
File: tikzlibraryarrows.code.tex 2021/05/15 v3.1.9a (3.1.9a)

(/usr/share/texlive/texmf-dist/tex/generic/pgf/libraries/pgflibraryarrows.code.
tex
File: pgflibraryarrows.code.tex 2021/05/15 v3.1.9a (3.1.9a)
\arrowsize=\dimen295
))
(/usr/share/texlive/texmf-dist/tex/generic/pgf/frontendlayer/tikz/libraries/tik
zlibraryautomata.code.tex
File: tikzlibraryautomata.code.tex 2021/05/15 v3.1.9a (3.1.9a)

(/usr/share/texlive/texmf-dist/tex/generic/pgf/frontendlayer/tikz/libraries/tik
zlibraryshapes.multipart.code.tex
File: tikzlibraryshapes.multipart.code.tex 2021/05/15 v3.1.9a (3.1.9a)

(/usr/share/texlive/texmf-dist/tex/generic/pgf/libraries/shapes/pgflibraryshape
s.multipart.code.tex
File: pgflibraryshapes.multipart.code.tex 2021/05/15 v3.1.9a (3.1.9a)
\pgfnodepartlowerbox=\box113
\pgfnodeparttwobox=\box114
\pgfnodepartthreebox=\box115
\pgfnodepartfourbox=\box116
\pgfnodeparttwentybox=\box117
\pgfnodepartnineteenbox=\box118
\pgfnodeparteighteenbox=\box119
\pgfnodepartseventeenbox=\box120
\pgfnodepartsixteenbox=\box121
\pgfnodepartfifteenbox=\box122
\pgfnodepartfourteenbox=\box123
\pgfnodepartthirteenbox=\box124
\pgfnodeparttwelvebox=\box125
\pgfnodepartelevenbox=\box126
\pgfnodeparttenbox=\box127
\pgfnodepartninebox=\box128
\pgfnodeparteightbox=\box129
\pgfnodepartsevenbox=\box130
\pgfnodepartsixbox=\box131
\pgfnodepartfivebox=\box132
)))) (./amc-compiled.aux)
\openout1 = `amc-compiled.aux'.

LaTeX Font Info:    Checking defaults for OML/cmm/m/it on input line 5.
LaTeX Font Info:    ... okay on input line 5.
LaTeX Font Info:    Checking defaults for OMS/cmsy/m/n on input line 5.
LaTeX Font Info:    ... okay on input line 5.
LaTeX Font Info:    Checking defaults for OT1/cmr/m/n on input line 5.
LaTeX Font Info:    ... okay on input line 5.
LaTeX Font Info:    Checking defaults for T1/cmr/m/n on input line 5.
LaTeX Font Info:    ... okay on input line 5.
LaTeX Font Info:    Checking defaults for TS1/cmr/m/n on input line 5.
LaTeX Font Info:    ... okay on input line 5.
LaTeX Font Info:    Checking defaults for OMX/cmex/m/n on input line 5.
LaTeX Font Info:    ... okay on input line 5.
LaTeX Font Info:    Checking defaults for U/cmr/m/n on input line 5.
LaTeX Font Info:    ... okay on input line 5.

(/usr/share/texlive/texmf-dist/tex/context/base/mkii/supp-pdf.mkii
[Loading MPS to PDF converter (version 2006.09.02).]
\scratchcounter=\count360
\scratchdimen=\dimen296
\scratchbox=\box133
\nofMPsegments=\count361
\nofMParguments=\count362
\everyMPshowfont=\toks244
\MPscratchCnt=\count363
\MPscratchDim=\dimen297
\MPnumerator=\count364
\makeMPintoPDFobject=\count365
\everyMPtoPDFconversion=\toks245
) (/usr/share/texlive/texmf-dist/tex/latex/epstopdf-pkg/epstopdf-base.sty
Package: epstopdf-base 2020-01-24 v2.11 Base part for package epstopdf

(/usr/share/texlive/texmf-dist/tex/generic/infwarerr/infwarerr.sty
Package: infwarerr 2019/12/03 v1.5 Providing info/warning/error messages (HO)
)
(/usr/share/texlive/texmf-dist/tex/latex/grfext/grfext.sty
Package: grfext 2019/12/03 v1.3 Manage graphics extensions (HO)

(/usr/share/texlive/texmf-dist/tex/generic/kvdefinekeys/kvdefinekeys.sty
Package: kvdefinekeys 2019-12-19 v1.6 Define keys (HO)
))
(/usr/share/texlive/texmf-dist/tex/latex/kvoptions/kvoptions.sty
Package: kvoptions 2020-10-07 v3.14 Key value format for package options (HO)

(/usr/share/texlive/texmf-dist/tex/generic/ltxcmds/ltxcmds.sty
Package: ltxcmds 2020-05-10 v1.25 LaTeX kernel commands for general use (HO)
)
(/usr/share/texlive/texmf-dist/tex/generic/kvsetkeys/kvsetkeys.sty
Package: kvsetkeys 2019/12/15 v1.18 Key value parser (HO)
))
(/usr/share/texlive/texmf-dist/tex/generic/pdftexcmds/pdftexcmds.sty
Package: pdftexcmds 2020-06-27 v0.33 Utility functions of pdfTeX for LuaTeX (HO
)
Package pdftexcmds Info: \pdf@primitive is available.
Package pdftexcmds Info: \pdf@ifprimitive is available.
Package pdftexcmds Info: \pdfdraftmode found.
)
Package epstopdf-base Info: Redefining graphics rule for `.eps' on input line 4
85.
Package grfext Info: Graphics extension search list:
(grfext)             [.pdf,.png,.jpg,.mps,.jpeg,.jbig2,.jb2,.PDF,.PNG,.JPG,.JPE
G,.JBIG2,.JB2,.eps]
(grfext)             \AppendGraphicsExtensions on input line 504.

(/usr/share/texlive/texmf-dist/tex/latex/latexconfig/epstopdf-sys.cfg
File: epstopdf-sys.cfg 2010/07/13 v1.3 Configuration of (r)epstopdf for TeX Liv
e
))
\AMC@ovalbox@R=\box134
\AMC@ovalbox@RF=\box135
\AMC@ovalbox@=\box136
\AMC@ovalbox@F=\box137

*geometry* driver: auto-detecting
*geometry* detected driver: pdftex
*geometry* verbose mode - [ preamble ] result:
* driver: pdftex
* paper: a4paper
* layout: <same size as paper>
* layoutoffset:(h,v)=(0.0pt,0.0pt)
* modes: 
* h-part:(L,W,R)=(85.35826pt, 426.79135pt, 85.35826pt)
* v-part:(T,H,B)=(99.58464pt, 674.33032pt, 71.13188pt)
* \paperwidth=597.50787pt
* \paperheight=845.04684pt
* \textwidth=426.79135pt
* \textheight=674.33032pt
* \oddsidemargin=13.08827pt
* \evensidemargin=13.08827pt
* \topmargin=-38.12675pt
* \headheight=56.9055pt
* \headsep=8.5359pt
* \topskip=10.0pt
* \footskip=28.45274pt
* \marginparwidth=57.0pt
* \marginparsep=11.0pt
* \columnsep=10.0pt
* \skip\footins=9.0pt plus 4.0pt minus 2.0pt
* \hoffset=0.0pt
* \voffset=0.0pt
* \mag=1000
* \@twocolumnfalse
* \@twosidefalse
* \@mparswitchfalse
* \@reversemarginfalse
* (1in=72.27pt=25.4mm, 1cm=28.453pt)

(./include/questions.tex
\general@k=\count366
\AMCgeneral@j=\count367
\general@i=\toks246
\general@ii=\toks247
\general@iii=\toks248
\mcq2@k=\count368
\AMCmcq2@j=\count369
\mcq2@i=\toks249
\mcq@k=\count370
\AMCmcq@j=\count371
\mcq@i=\toks250
\mcq@ii=\toks251
\mcq@iii=\toks252
) (./include/class1.tex
\class1@k=\count372
\AMCclass1@j=\count373
\class1@i=\toks253
\class1@ii=\toks254
\class1@iii=\toks255
) (./include/testSheetHeader.tex
Underfull \hbox (badness 10000) in paragraph at lines 12--15

 []

(./include/instructions.tex))
LaTeX Font Info:    Trying to load font information for U+msa on input line 23.


(/usr/share/texlive/texmf-dist/tex/latex/amsfonts/umsa.fd
File: umsa.fd 2013/01/14 v3.01 AMS symbols A
)
LaTeX Font Info:    Trying to load font information for U+msb on input line 23.


(/usr/share/texlive/texmf-dist/tex/latex/amsfonts/umsb.fd
File: umsb.fd 2013/01/14 v3.01 AMS symbols B
)
Underfull \hbox (badness 10000) in paragraph at lines 23--23

 []


Overfull \hbox (16.00758pt too wide) in paragraph at lines 23--23
 [] 
 []

(./include/answerSheet.tex
Underfull \hbox (badness 10000) in paragraph at lines 23--2

 []

[1{/var/lib/texmf/fonts/map/pdftex/updmap/pdftex.map}

] [2]
Underfull \hbox (badness 10000) in paragraph at lines 8--9

 []


Overfull \hbox (95.68431pt too wide) in paragraph at lines 14--29
[][]
 []


Overfull \hbox (2.91289pt too wide) in paragraph at lines 14--29
[] 
 []

) [3

] [4

] (./include/testSheetHeader.tex
Underfull \hbox (badness 10000) in paragraph at lines 12--15

 []

(./include/instructions.tex))
Underfull \hbox (badness 10000) in paragraph at lines 23--23

 []


Overfull \hbox (16.00758pt too wide) in paragraph at lines 23--23
 [] 
 []

(./include/answerSheet.tex
Underfull \hbox (badness 10000) in paragraph at lines 23--2

 []

[1


] [2]
Underfull \hbox (badness 10000) in paragraph at lines 8--9

 []


Overfull \hbox (95.68431pt too wide) in paragraph at lines 14--29
[][]
 []


Overfull \hbox (2.91289pt too wide) in paragraph at lines 14--29
[] 
 []

) [3

] [4

] (./include/testSheetHeader.tex
Underfull \hbox (badness 10000) in paragraph at lines 12--15

 []

(./include/instructions.tex))
Underfull \hbox (badness 10000) in paragraph at lines 23--23

 []


Overfull \hbox (16.00758pt too wide) in paragraph at lines 23--23
 [] 
 []

(./include/answerSheet.tex
Underfull \hbox (badness 10000) in paragraph at lines 23--2

 []

[1


] [2]
Underfull \hbox (badness 10000) in paragraph at lines 8--9

 []


Overfull \hbox (95.68431pt too wide) in paragraph at lines 14--29
[][]
 []


Overfull \hbox (2.91289pt too wide) in paragraph at lines 14--29
[] 
 []

) [3

] [4

] (./amc-compiled.aux) ) 
Here is how much of TeX's memory you used:
 18740 strings out of 480247
 382285 string characters out of 5896152
 743760 words of memory out of 5000000
 36314 multiletter control sequences out of 15000+600000
 473917 words of font info for 46 fonts, out of 8000000 for 9000
 14 hyphenation exceptions out of 8191
 85i,23n,90p,453b,1025s stack positions out of 5000i,500n,10000p,200000b,80000s
 </home/neel/.texlive2021/texmf-var/fonts/pk/ljfour/jkn
appen/ec/tcrm1000.600pk></usr/share/texlive/texmf-dist/fonts/type1/public/amsfo
nts/cm/cmbx10.pfb></usr/share/texlive/texmf-dist/fonts/type1/public/amsfonts/cm
/cmcsc10.pfb></usr/share/texlive/texmf-dist/fonts/type1/public/amsfonts/cm/cmex
10.pfb></usr/share/texlive/texmf-dist/fonts/type1/public/amsfonts/cm/cmmi10.pfb
></usr/share/texlive/texmf-dist/fonts/type1/public/amsfonts/cm/cmmi7.pfb></usr/
share/texlive/texmf-dist/fonts/type1/public/amsfonts/cm/cmr10.pfb></usr/share/t
exlive/texmf-dist/fonts/type1/public/amsfonts/cm/cmr17.pfb></usr/share/texlive/
texmf-dist/fonts/type1/public/amsfonts/cm/cmr7.pfb></usr/share/texlive/texmf-di
st/fonts/type1/public/amsfonts/cm/cmsy10.pfb></usr/share/texlive/texmf-dist/fon
ts/type1/public/amsfonts/cm/cmsy7.pfb></usr/share/texlive/texmf-dist/fonts/type
1/public/amsfonts/cm/cmti10.pfb></usr/share/texlive/texmf-dist/fonts/type1/publ
ic/amsfonts/cm/cmtt10.pfb></usr/share/texlive/texmf-dist/fonts/type1/public/ams
fonts/latxfont/lcircle1.pfb>
Output written on amc-compiled.pdf (12 pages, 194354 bytes).
PDF statistics:
 116 PDF objects out of 1000 (max. 8388607)
 74 compressed objects within 1 object stream
 0 named destinations out of 1000 (max. 500000)
 13 words of extra memory for PDF output out of 10000 (max. 10000000)

